[17:51:17] [INFO ] [main] [EVENTBUS] - Registering all events in org.asf.edge.common.services.items.impl.ItemManagerImpl...
[17:51:17] [INFO ] [main] [ItemManager] - Loading item defs...
[17:55:19] [INFO ] [main] [EVENTBUS] - Registering all events in org.asf.edge.common.services.items.impl.ItemManagerImpl...
[17:55:19] [INFO ] [main] [ItemManager] - Loading item defs...
[17:57:31] [INFO ] [main] [EVENTBUS] - Registering all events in org.asf.edge.common.services.items.impl.ItemManagerImpl...
[17:57:31] [INFO ] [main] [ItemManager] - Loading item defs...
[17:59:12] [INFO ] [main] [EVENTBUS] - Registering all events in org.asf.edge.common.services.items.impl.ItemManagerImpl...
[17:59:12] [INFO ] [main] [ItemManager] - Loading item defs...
[18:00:00] [INFO ] [main] [EVENTBUS] - Registering all events in org.asf.edge.common.services.items.impl.ItemManagerImpl...
[18:00:00] [INFO ] [main] [ItemManager] - Loading item defs...
[18:02:14] [INFO ] [main] [EVENTBUS] - Registering all events in org.asf.edge.common.services.items.impl.ItemManagerImpl...
[18:02:14] [INFO ] [main] [ItemManager] - Loading item defs...
[18:03:30] [INFO ] [main] [EVENTBUS] - Registering all events in org.asf.edge.common.services.items.impl.ItemManagerImpl...
[18:03:30] [INFO ] [main] [ItemManager] - Loading item defs...
[18:03:32] [INFO ] [main] [ItemManager] - Loading item store data...
[18:03:33] [INFO ] [main] [ItemManager] - Loading item transformers...
[18:03:33] [INFO ] [main] [ItemManager] - Loading shop transformers...
[18:03:33] [INFO ] [main] [ItemManager] - Loading item sales...
[18:03:33] [INFO ] [main] [EVENTBUS] - Registering all events in org.asf.edge.common.services.config.impl.ConfigProviderServiceImpl...
[18:03:33] [INFO ] [main] [ItemManager] - Dispatching load event...
[18:03:33] [INFO ] [main] [ItemManager] - Updating sales...
[18:04:49] [INFO ] [main] [EVENTBUS] - Registering all events in org.asf.edge.common.services.items.impl.ItemManagerImpl...
[18:04:49] [INFO ] [main] [ItemManager] - Loading item defs...
[18:04:51] [INFO ] [main] [ItemManager] - Loading item store data...
[18:04:52] [INFO ] [main] [ItemManager] - Loading item transformers...
[18:04:52] [INFO ] [main] [ItemManager] - Loading shop transformers...
[18:04:52] [INFO ] [main] [ItemManager] - Loading item sales...
[18:04:52] [INFO ] [main] [EVENTBUS] - Registering all events in org.asf.edge.common.services.config.impl.ConfigProviderServiceImpl...
[18:04:53] [INFO ] [main] [ItemManager] - Dispatching load event...
[18:04:53] [INFO ] [main] [ItemManager] - Updating sales...
[18:04:53] [ERROR] [main] [ItemManager] - Failed to load current random sales
java.lang.IllegalArgumentException: No service implementations for org.asf.edge.common.services.commondata.CommonDataManager
	at org.asf.edge.common.services.ServiceManager.selectServiceImplementationInternal(ServiceManager.java:125)
	at org.asf.edge.common.services.ServiceManager.getService(ServiceManager.java:89)
	at org.asf.edge.common.services.commondata.CommonDataManager.getInstance(CommonDataManager.java:36)
	at org.asf.edge.common.services.items.impl.ItemManagerImpl.initService(ItemManagerImpl.java:125)
	at org.asf.edge.common.services.ServiceManager.selectServiceImplementation(ServiceManager.java:117)
	at org.asf.edge.common.tools.ItemDumperTest.main(ItemDumperTest.java:17)
[18:05:52] [INFO ] [main] [EVENTBUS] - Registering all events in org.asf.edge.common.services.items.impl.ItemManagerImpl...
[18:05:52] [INFO ] [main] [ItemManager] - Loading item defs...
[18:05:56] [INFO ] [main] [ItemManager] - Loading item store data...
[18:05:57] [INFO ] [main] [ItemManager] - Loading item transformers...
[18:05:57] [INFO ] [main] [ItemManager] - Loading shop transformers...
[18:05:57] [INFO ] [main] [ItemManager] - Loading item sales...
[18:05:57] [INFO ] [main] [EVENTBUS] - Registering all events in org.asf.edge.common.services.config.impl.ConfigProviderServiceImpl...
[18:05:57] [INFO ] [main] [ItemManager] - Dispatching load event...
[18:05:57] [INFO ] [main] [ItemManager] - Updating sales...
[18:05:58] [ERROR] [main] [ItemManager] - Failed to load current random sales
java.lang.IllegalArgumentException: No service implementations for org.asf.edge.common.services.commondata.CommonDataManager
	at org.asf.edge.common.services.ServiceManager.selectServiceImplementationInternal(ServiceManager.java:125)
	at org.asf.edge.common.services.ServiceManager.getService(ServiceManager.java:89)
	at org.asf.edge.common.services.commondata.CommonDataManager.getInstance(CommonDataManager.java:36)
	at org.asf.edge.common.services.items.impl.ItemManagerImpl.initService(ItemManagerImpl.java:125)
	at org.asf.edge.common.services.ServiceManager.selectServiceImplementation(ServiceManager.java:117)
	at org.asf.edge.common.tools.ItemDumperTest.main(ItemDumperTest.java:17)
[18:11:59] [INFO ] [main] [EVENTBUS] - Registering all events in org.asf.edge.common.services.items.impl.ItemManagerImpl...
[18:11:59] [INFO ] [main] [ItemManager] - Loading item defs...
[18:12:01] [INFO ] [main] [ItemManager] - Loading item store data...
[18:12:02] [INFO ] [main] [ItemManager] - Loading item transformers...
[18:12:02] [INFO ] [main] [ItemManager] - Loading shop transformers...
[18:12:02] [INFO ] [main] [ItemManager] - Loading item sales...
[18:12:02] [INFO ] [main] [EVENTBUS] - Registering all events in org.asf.edge.common.services.config.impl.ConfigProviderServiceImpl...
[18:12:02] [INFO ] [main] [ItemManager] - Dispatching load event...
[18:12:02] [INFO ] [main] [ItemManager] - Updating sales...
[18:12:02] [ERROR] [main] [ItemManager] - Failed to load current random sales
java.lang.IllegalArgumentException: No service implementations for org.asf.edge.common.services.commondata.CommonDataManager
	at org.asf.edge.common.services.ServiceManager.selectServiceImplementationInternal(ServiceManager.java:125)
	at org.asf.edge.common.services.ServiceManager.getService(ServiceManager.java:89)
	at org.asf.edge.common.services.commondata.CommonDataManager.getInstance(CommonDataManager.java:36)
	at org.asf.edge.common.services.items.impl.ItemManagerImpl.initService(ItemManagerImpl.java:125)
	at org.asf.edge.common.services.ServiceManager.selectServiceImplementation(ServiceManager.java:117)
	at org.asf.edge.common.tools.ItemDumperTest.main(ItemDumperTest.java:17)
