[18:27:41] [INFO ] [main] [MODULEMANAGER] - Searching for modules...
[18:27:41] [INFO ] [main] [MODULEMANAGER] - Searching for dependency repository definitions...
[18:27:41] [INFO ] [main] [MODULEMANAGER] - Scanning for dependency definitions...
[18:27:41] [INFO ] [main] [MODULEMANAGER] - Verifying dependencies...
[18:27:41] [INFO ] [main] [MODULEMANAGER] - Dependencies are up-to-date, loading modules...
[18:27:41] [INFO ] [main] [MODULEMANAGER] - Initializing modules...
[18:27:41] [INFO ] [main] [MODULEMANAGER] - Clearing module pool...
[18:30:41] [INFO ] [main] [CONTENTSERVER] - Preparing to start...
[18:30:41] [INFO ] [main] [MODULEMANAGER] - Searching for modules...
[18:30:41] [INFO ] [main] [MODULEMANAGER] - Searching for dependency repository definitions...
[18:30:41] [INFO ] [main] [MODULEMANAGER] - Scanning for dependency definitions...
[18:30:41] [INFO ] [main] [MODULEMANAGER] - Verifying dependencies...
[18:30:41] [INFO ] [main] [MODULEMANAGER] - Dependencies are up-to-date, loading modules...
[18:30:41] [INFO ] [main] [MODULEMANAGER] - Initializing modules...
[18:30:41] [INFO ] [main] [MODULEMANAGER] - Clearing module pool...
[18:32:41] [INFO ] [main] [CONTENTSERVER] - Preparing to start...
[18:32:41] [INFO ] [main] [MODULEMANAGER] - Searching for modules...
[18:32:41] [INFO ] [main] [MODULEMANAGER] - Searching for dependency repository definitions...
[18:32:41] [INFO ] [main] [MODULEMANAGER] - Scanning for dependency definitions...
[18:32:41] [INFO ] [main] [MODULEMANAGER] - Verifying dependencies...
[18:32:41] [INFO ] [main] [MODULEMANAGER] - Dependencies are up-to-date, loading modules...
[18:32:41] [INFO ] [main] [MODULEMANAGER] - Initializing modules...
[18:32:41] [INFO ] [main] [MODULEMANAGER] - Clearing module pool...
[18:34:58] [INFO ] [main] [CONTENTSERVER] - Preparing to start...
[18:34:58] [INFO ] [main] [MODULEMANAGER] - Searching for modules...
[18:34:58] [INFO ] [main] [MODULEMANAGER] - Searching for dependency repository definitions...
[18:34:58] [INFO ] [main] [MODULEMANAGER] - Scanning for dependency definitions...
[18:34:58] [INFO ] [main] [MODULEMANAGER] - Verifying dependencies...
[18:34:58] [INFO ] [main] [MODULEMANAGER] - Dependencies are up-to-date, loading modules...
[18:34:58] [INFO ] [main] [MODULEMANAGER] - Initializing modules...
[18:34:58] [INFO ] [main] [MODULEMANAGER] - Clearing module pool...
[19:04:47] [INFO ] [main] [CONTENTSERVER] - Preparing to start...
[19:04:47] [INFO ] [main] [MODULEMANAGER] - Searching for modules...
[19:04:47] [INFO ] [main] [MODULEMANAGER] - Searching for dependency repository definitions...
[19:04:47] [INFO ] [main] [MODULEMANAGER] - Scanning for dependency definitions...
[19:04:47] [INFO ] [main] [MODULEMANAGER] - Verifying dependencies...
[19:04:47] [INFO ] [main] [MODULEMANAGER] - Dependencies are up-to-date, loading modules...
[19:04:47] [INFO ] [main] [MODULEMANAGER] - Initializing modules...
[19:04:47] [INFO ] [main] [MODULEMANAGER] - Clearing module pool...
[19:04:47] [INFO ] [main] [CONTENTSERVER] - Loading server configuration...
[19:05:14] [INFO ] [main] [CONTENTSERVER] - Preparing to start...
[19:05:14] [INFO ] [main] [MODULEMANAGER] - Searching for modules...
[19:05:14] [INFO ] [main] [MODULEMANAGER] - Searching for dependency repository definitions...
[19:05:14] [INFO ] [main] [MODULEMANAGER] - Scanning for dependency definitions...
[19:05:14] [INFO ] [main] [MODULEMANAGER] - Verifying dependencies...
[19:05:14] [INFO ] [main] [MODULEMANAGER] - Dependencies are up-to-date, loading modules...
[19:05:14] [INFO ] [main] [MODULEMANAGER] - Initializing modules...
[19:05:14] [INFO ] [main] [MODULEMANAGER] - Clearing module pool...
[19:05:14] [INFO ] [main] [CONTENTSERVER] - Loading server configuration...
[19:11:14] [INFO ] [main] [CONTENTSERVER] - Preparing to start...
[19:11:14] [INFO ] [main] [MODULEMANAGER] - Searching for modules...
[19:11:14] [INFO ] [main] [MODULEMANAGER] - Searching for dependency repository definitions...
[19:11:14] [INFO ] [main] [MODULEMANAGER] - Scanning for dependency definitions...
[19:11:14] [INFO ] [main] [MODULEMANAGER] - Verifying dependencies...
[19:11:14] [INFO ] [main] [MODULEMANAGER] - Dependencies are up-to-date, loading modules...
[19:11:14] [INFO ] [main] [MODULEMANAGER] - Initializing modules...
[19:11:14] [INFO ] [main] [MODULEMANAGER] - Clearing module pool...
[19:11:14] [INFO ] [main] [CONTENTSERVER] - Loading server configuration...
[19:12:49] [INFO ] [main] [CONTENTSERVER] - Preparing to start...
[19:12:50] [INFO ] [main] [MODULEMANAGER] - Searching for modules...
[19:12:50] [INFO ] [main] [MODULEMANAGER] - Loading debug type: TestModule
[19:12:50] [ERROR] [main] [MODULEMANAGER] - Failed to load debug module: TestModule: an error occured while trying to load the class
java.lang.ClassNotFoundException: Cannot find class TestModule
	at org.asf.cyan.fluid.bytecode.FluidClassPool.getClassNode(FluidClassPool.java:292)
	at org.asf.edge.modules.ModuleManager.findAndLoadModules(ModuleManager.java:256)
	at org.asf.edge.modules.ModuleManager.init(ModuleManager.java:63)
	at org.asf.edge.contentserver.EdgeContentServerMain.main(EdgeContentServerMain.java:29)
[19:12:50] [INFO ] [main] [MODULEMANAGER] - Searching for dependency repository definitions...
[19:12:50] [INFO ] [main] [MODULEMANAGER] - Scanning for dependency definitions...
[19:12:50] [INFO ] [main] [MODULEMANAGER] - Verifying dependencies...
[19:12:50] [INFO ] [main] [MODULEMANAGER] - Dependencies are up-to-date, loading modules...
[19:12:50] [INFO ] [main] [MODULEMANAGER] - Initializing modules...
[19:12:50] [INFO ] [main] [MODULEMANAGER] - Clearing module pool...
[19:12:50] [INFO ] [main] [CONTENTSERVER] - Loading server configuration...
[19:13:37] [INFO ] [main] [CONTENTSERVER] - Preparing to start...
[19:13:37] [INFO ] [main] [MODULEMANAGER] - Searching for modules...
[19:13:37] [INFO ] [main] [MODULEMANAGER] - Loading debug type: contentserver.TestModule
[19:13:37] [INFO ] [main] [MODULEMANAGER] - Searching for dependency repository definitions...
[19:13:37] [INFO ] [main] [MODULEMANAGER] - Scanning for dependency definitions...
[19:13:37] [INFO ] [main] [MODULEMANAGER] - Verifying dependencies...
[19:13:37] [INFO ] [main] [MODULEMANAGER] - Dependencies are up-to-date, loading modules...
[19:13:37] [INFO ] [main] [MODULEMANAGER] - Loading module test version test...
[19:13:37] [INFO ] [main] [EVENTBUS] - Registering all events in contentserver.TestModule...
[19:13:37] [INFO ] [main] [MODULEMANAGER] - Initializing modules...
[19:13:37] [INFO ] [main] [MODULEMANAGER] - Initializing module: test...
[19:13:37] [INFO ] [main] [MODULEMANAGER] - Clearing module pool...
[19:22:25] [INFO ] [main] [CONTENTSERVER] - Preparing to start...
[19:22:25] [INFO ] [main] [MODULEMANAGER] - Searching for modules...
[19:22:25] [INFO ] [main] [MODULEMANAGER] - Loading debug type: contentserver.TestModule
[19:22:25] [INFO ] [main] [MODULEMANAGER] - Searching for dependency repository definitions...
[19:22:25] [INFO ] [main] [MODULEMANAGER] - Scanning for dependency definitions...
[19:22:25] [INFO ] [main] [MODULEMANAGER] - Verifying dependencies...
[19:22:25] [INFO ] [main] [MODULEMANAGER] - Dependencies are up-to-date, loading modules...
[19:22:25] [INFO ] [main] [MODULEMANAGER] - Loading module test version test...
[19:22:25] [INFO ] [main] [EVENTBUS] - Registering all events in contentserver.TestModule...
[19:22:25] [INFO ] [main] [MODULEMANAGER] - Initializing modules...
[19:22:25] [INFO ] [main] [MODULEMANAGER] - Initializing module: test...
[19:22:25] [INFO ] [main] [MODULEMANAGER] - Clearing module pool...
[19:22:58] [INFO ] [main] [CONTENTSERVER] - Preparing to start...
[19:22:59] [INFO ] [main] [MODULEMANAGER] - Searching for modules...
[19:22:59] [INFO ] [main] [MODULEMANAGER] - Loading debug type: contentserver.TestModule
[19:22:59] [INFO ] [main] [MODULEMANAGER] - Searching for dependency repository definitions...
[19:22:59] [INFO ] [main] [MODULEMANAGER] - Scanning for dependency definitions...
[19:22:59] [INFO ] [main] [MODULEMANAGER] - Verifying dependencies...
[19:22:59] [INFO ] [main] [MODULEMANAGER] - Dependencies are up-to-date, loading modules...
[19:22:59] [INFO ] [main] [MODULEMANAGER] - Loading module test version test...
[19:22:59] [INFO ] [main] [EVENTBUS] - Registering all events in contentserver.TestModule...
[19:22:59] [INFO ] [main] [MODULEMANAGER] - Initializing modules...
[19:22:59] [INFO ] [main] [MODULEMANAGER] - Initializing module: test...
[19:22:59] [INFO ] [main] [MODULEMANAGER] - Clearing module pool...
[19:23:02] [INFO ] [main] [CONTENTSERVER] - Loading server configuration...
[19:23:02] [INFO ] [main] [MODULEMANAGER] - Post-initializing modules...
[19:23:02] [INFO ] [main] [MODULEMANAGER] - Post-initializing module: test...
[19:23:02] [INFO ] [main] [CONTENTSERVER] - Server is running!
[19:33:39] [INFO ] [main] [CONTENTSERVER] - Preparing to start...
[19:33:39] [INFO ] [main] [MODULEMANAGER] - Searching for modules...
[19:33:39] [INFO ] [main] [MODULEMANAGER] - Loading debug type: contentserver.TestModule
[19:33:39] [INFO ] [main] [MODULEMANAGER] - Searching for dependency repository definitions...
[19:33:39] [INFO ] [main] [MODULEMANAGER] - Scanning for dependency definitions...
[19:33:39] [INFO ] [main] [MODULEMANAGER] - Verifying dependencies...
[19:33:39] [INFO ] [main] [MODULEMANAGER] - Dependencies are up-to-date, loading modules...
[19:33:39] [INFO ] [main] [MODULEMANAGER] - Loading module test version test...
[19:33:39] [INFO ] [main] [EVENTBUS] - Registering all events in contentserver.TestModule...
[19:33:39] [INFO ] [main] [MODULEMANAGER] - Initializing modules...
[19:33:39] [INFO ] [main] [MODULEMANAGER] - Initializing module: test...
[19:33:39] [INFO ] [main] [MODULEMANAGER] - Clearing module pool...
[19:33:39] [INFO ] [main] [CONTENTSERVER] - Loading server configuration...
[19:33:39] [INFO ] [main] [CONTENTSERVER] - Edge content HTTP server created with listen address 0.0.0.0 and port 5319
[19:34:24] [INFO ] [main] [CONTENTSERVER] - Preparing to start...
[19:34:24] [INFO ] [main] [MODULEMANAGER] - Searching for modules...
[19:34:24] [INFO ] [main] [MODULEMANAGER] - Loading debug type: contentserver.TestModule
[19:34:24] [INFO ] [main] [MODULEMANAGER] - Searching for dependency repository definitions...
[19:34:24] [INFO ] [main] [MODULEMANAGER] - Scanning for dependency definitions...
[19:34:24] [INFO ] [main] [MODULEMANAGER] - Verifying dependencies...
[19:34:24] [INFO ] [main] [MODULEMANAGER] - Dependencies are up-to-date, loading modules...
[19:34:24] [INFO ] [main] [MODULEMANAGER] - Loading module test version test...
[19:34:24] [INFO ] [main] [EVENTBUS] - Registering all events in contentserver.TestModule...
[19:34:24] [INFO ] [main] [MODULEMANAGER] - Initializing modules...
[19:34:24] [INFO ] [main] [MODULEMANAGER] - Initializing module: test...
[19:34:24] [INFO ] [main] [MODULEMANAGER] - Clearing module pool...
[19:34:24] [INFO ] [main] [CONTENTSERVER] - Loading server configuration...
[19:34:24] [INFO ] [main] [CONTENTSERVER] - Edge content HTTP server created with listen address 0.0.0.0 and port 5319
[19:34:32] [INFO ] [main] [CONTENTSERVER] - Edge content HTTP server created with listen address 0.0.0.0 and port 5319
[19:34:35] [INFO ] [main] [CONTENTSERVER] - Starting EDGE asset and content server...
[19:34:36] [INFO ] [main] [MODULEMANAGER] - Post-initializing modules...
[19:34:36] [INFO ] [main] [MODULEMANAGER] - Post-initializing module: test...
[19:34:36] [INFO ] [main] [CONTENTSERVER] - Server is running!
[19:35:11] [INFO ] [main] [CONTENTSERVER] - Preparing to start...
[19:35:11] [INFO ] [main] [MODULEMANAGER] - Searching for modules...
[19:35:11] [INFO ] [main] [MODULEMANAGER] - Loading debug type: contentserver.TestModule
[19:35:11] [INFO ] [main] [MODULEMANAGER] - Searching for dependency repository definitions...
[19:35:11] [INFO ] [main] [MODULEMANAGER] - Scanning for dependency definitions...
[19:35:11] [INFO ] [main] [MODULEMANAGER] - Verifying dependencies...
[19:35:11] [INFO ] [main] [MODULEMANAGER] - Dependencies are up-to-date, loading modules...
[19:35:11] [INFO ] [main] [MODULEMANAGER] - Loading module test version test...
[19:35:11] [INFO ] [main] [EVENTBUS] - Registering all events in contentserver.TestModule...
[19:35:11] [INFO ] [main] [MODULEMANAGER] - Initializing modules...
[19:35:11] [INFO ] [main] [MODULEMANAGER] - Initializing module: test...
[19:35:11] [INFO ] [main] [MODULEMANAGER] - Clearing module pool...
[19:35:11] [INFO ] [main] [CONTENTSERVER] - Loading server configuration...
[19:35:11] [INFO ] [main] [CONTENTSERVER] - Edge content HTTP server created with listen address 0.0.0.0 and port 5319
[19:35:11] [INFO ] [main] [CONTENTSERVER] - Starting the content delivery server...
[19:35:11] [INFO ] [main] [CONTENTSERVER] - Content delivery server started successfully!
[19:35:11] [INFO ] [main] [MODULEMANAGER] - Post-initializing modules...
[19:35:11] [INFO ] [main] [MODULEMANAGER] - Post-initializing module: test...
[19:35:11] [INFO ] [main] [CONTENTSERVER] - Server is running!
[19:35:16] [ERROR] [Async task thread] [connective-http] - HTTP/1.1 GET / : 404 Not found [0:0:0:0:0:0:0:1]
[19:35:16] [ERROR] [Async task thread] [connective-http] - HTTP/1.1 GET /favicon.ico : 404 Not found [0:0:0:0:0:0:0:1]
[19:37:48] [INFO ] [main] [CONTENTSERVER] - Preparing to start...
[19:37:48] [INFO ] [main] [MODULEMANAGER] - Searching for modules...
[19:37:48] [INFO ] [main] [MODULEMANAGER] - Loading debug type: contentserver.TestModule
[19:37:48] [INFO ] [main] [MODULEMANAGER] - Searching for dependency repository definitions...
[19:37:48] [INFO ] [main] [MODULEMANAGER] - Scanning for dependency definitions...
[19:37:48] [INFO ] [main] [MODULEMANAGER] - Verifying dependencies...
[19:37:48] [INFO ] [main] [MODULEMANAGER] - Dependencies are up-to-date, loading modules...
[19:37:48] [INFO ] [main] [MODULEMANAGER] - Loading module test version test...
[19:37:48] [INFO ] [main] [EVENTBUS] - Registering all events in contentserver.TestModule...
[19:37:48] [INFO ] [main] [MODULEMANAGER] - Initializing modules...
[19:37:48] [INFO ] [main] [MODULEMANAGER] - Initializing module: test...
[19:37:48] [INFO ] [main] [MODULEMANAGER] - Clearing module pool...
[19:37:48] [INFO ] [main] [CONTENTSERVER] - Loading server configuration...
[19:37:48] [INFO ] [main] [CONTENTSERVER] - Setting up the server...
[19:37:48] [INFO ] [main] [CONTENTSERVER] - Edge content HTTP server created with listen address 0.0.0.0 and port 5319
[19:37:48] [INFO ] [main] [CONTENTSERVER] - Starting the content delivery server...
[19:37:48] [INFO ] [main] [CONTENTSERVER] - Content delivery server started successfully!
[19:37:48] [INFO ] [main] [MODULEMANAGER] - Post-initializing modules...
[19:37:48] [INFO ] [main] [MODULEMANAGER] - Post-initializing module: test...
[19:37:48] [INFO ] [main] [CONTENTSERVER] - Server is running!
[19:43:10] [INFO ] [main] [CONTENTSERVER] - Preparing to start...
[19:43:10] [INFO ] [main] [MODULEMANAGER] - Searching for modules...
[19:43:10] [INFO ] [main] [MODULEMANAGER] - Loading debug type: contentserver.TestModule
[19:43:10] [INFO ] [main] [MODULEMANAGER] - Searching for dependency repository definitions...
[19:43:10] [INFO ] [main] [MODULEMANAGER] - Scanning for dependency definitions...
[19:43:10] [INFO ] [main] [MODULEMANAGER] - Verifying dependencies...
[19:43:10] [INFO ] [main] [MODULEMANAGER] - Dependencies are up-to-date, loading modules...
[19:43:10] [INFO ] [main] [MODULEMANAGER] - Loading module test version test...
[19:43:10] [INFO ] [main] [EVENTBUS] - Registering all events in contentserver.TestModule...
[19:43:10] [INFO ] [main] [MODULEMANAGER] - Initializing modules...
[19:43:10] [INFO ] [main] [MODULEMANAGER] - Initializing module: test...
[19:43:10] [INFO ] [main] [MODULEMANAGER] - Clearing module pool...
[19:43:10] [INFO ] [main] [CONTENTSERVER] - Loading server configuration...
[19:43:11] [INFO ] [main] [CONTENTSERVER] - Setting up the server...
[19:43:11] [INFO ] [main] [CONTENTSERVER] - Edge content HTTP server created with listen address 0.0.0.0 and port 5319
[19:43:11] [INFO ] [main] [CONTENTSERVER] - Starting the content delivery server...
[19:43:11] [INFO ] [main] [CONTENTSERVER] - Content delivery server started successfully!
[19:43:11] [INFO ] [main] [MODULEMANAGER] - Post-initializing modules...
[19:43:11] [INFO ] [main] [MODULEMANAGER] - Post-initializing module: test...
[19:43:11] [INFO ] [main] [CONTENTSERVER] - Server is running!
[19:54:25] [INFO ] [main] [CONTENTSERVER] - Preparing to start...
[19:54:25] [INFO ] [main] [MODULEMANAGER] - Searching for modules...
[19:54:25] [INFO ] [main] [MODULEMANAGER] - Loading debug type: contentserver.TestModule
[19:54:25] [INFO ] [main] [MODULEMANAGER] - Searching for dependency repository definitions...
[19:54:25] [INFO ] [main] [MODULEMANAGER] - Scanning for dependency definitions...
[19:54:25] [INFO ] [main] [MODULEMANAGER] - Verifying dependencies...
[19:54:25] [INFO ] [main] [MODULEMANAGER] - Dependencies are up-to-date, loading modules...
[19:54:25] [INFO ] [main] [MODULEMANAGER] - Loading module test version test...
[19:54:25] [INFO ] [main] [EVENTBUS] - Registering all events in contentserver.TestModule...
[19:54:25] [INFO ] [main] [MODULEMANAGER] - Initializing modules...
[19:54:25] [INFO ] [main] [MODULEMANAGER] - Initializing module: test...
[19:54:25] [INFO ] [main] [MODULEMANAGER] - Clearing module pool...
[19:54:25] [INFO ] [main] [CONTENTSERVER] - Loading server configuration...
[19:54:25] [INFO ] [main] [CONTENTSERVER] - Setting up the server...
[19:54:25] [INFO ] [main] [CONTENTSERVER] - Edge content HTTP server created with listen address 0.0.0.0 and port 5319
[19:54:25] [INFO ] [main] [CONTENTSERVER] - Starting the content delivery server...
[19:54:25] [INFO ] [main] [CONTENTSERVER] - Content delivery server started successfully!
[19:54:25] [INFO ] [main] [MODULEMANAGER] - Post-initializing modules...
[19:54:25] [INFO ] [main] [MODULEMANAGER] - Post-initializing module: test...
[19:54:25] [INFO ] [main] [CONTENTSERVER] - Server is running!
[19:57:47] [ERROR] [Async task thread] [connective-http] - HTTP/1.1 GET /EdgeContentServer/WIN/3.31.0/DWADragonsMain.xml?t=638221966674873380 : 404 Not found [127.0.0.1]
[19:59:18] [INFO ] [main] [CONTENTSERVER] - Preparing to start...
[19:59:18] [INFO ] [main] [MODULEMANAGER] - Searching for modules...
[19:59:18] [INFO ] [main] [MODULEMANAGER] - Loading debug type: contentserver.TestModule
[19:59:18] [INFO ] [main] [MODULEMANAGER] - Searching for dependency repository definitions...
[19:59:18] [INFO ] [main] [MODULEMANAGER] - Scanning for dependency definitions...
[19:59:18] [INFO ] [main] [MODULEMANAGER] - Verifying dependencies...
[19:59:18] [INFO ] [main] [MODULEMANAGER] - Dependencies are up-to-date, loading modules...
[19:59:18] [INFO ] [main] [MODULEMANAGER] - Loading module test version test...
[19:59:18] [INFO ] [main] [EVENTBUS] - Registering all events in contentserver.TestModule...
[19:59:18] [INFO ] [main] [MODULEMANAGER] - Initializing modules...
[19:59:18] [INFO ] [main] [MODULEMANAGER] - Initializing module: test...
[19:59:18] [INFO ] [main] [MODULEMANAGER] - Clearing module pool...
[19:59:18] [INFO ] [main] [CONTENTSERVER] - Loading server configuration...
[19:59:18] [INFO ] [main] [CONTENTSERVER] - Setting up the server...
[19:59:18] [INFO ] [main] [CONTENTSERVER] - Edge content HTTP server created with listen address 0.0.0.0 and port 5319
[19:59:18] [INFO ] [main] [CONTENTSERVER] - Starting the content delivery server...
[19:59:18] [INFO ] [main] [CONTENTSERVER] - Content delivery server started successfully!
[19:59:18] [INFO ] [main] [MODULEMANAGER] - Post-initializing modules...
[19:59:18] [INFO ] [main] [MODULEMANAGER] - Post-initializing module: test...
[19:59:18] [INFO ] [main] [CONTENTSERVER] - Server is running!
[20:00:34] [INFO ] [main] [CONTENTSERVER] - Preparing to start...
[20:00:34] [INFO ] [main] [MODULEMANAGER] - Searching for modules...
[20:00:34] [INFO ] [main] [MODULEMANAGER] - Loading debug type: contentserver.TestModule
[20:00:34] [INFO ] [main] [MODULEMANAGER] - Searching for dependency repository definitions...
[20:00:34] [INFO ] [main] [MODULEMANAGER] - Scanning for dependency definitions...
[20:00:34] [INFO ] [main] [MODULEMANAGER] - Verifying dependencies...
[20:00:34] [INFO ] [main] [MODULEMANAGER] - Dependencies are up-to-date, loading modules...
[20:00:34] [INFO ] [main] [MODULEMANAGER] - Loading module test version test...
[20:00:34] [INFO ] [main] [EVENTBUS] - Registering all events in contentserver.TestModule...
[20:00:34] [INFO ] [main] [MODULEMANAGER] - Initializing modules...
[20:00:34] [INFO ] [main] [MODULEMANAGER] - Initializing module: test...
[20:00:35] [INFO ] [main] [MODULEMANAGER] - Clearing module pool...
[20:00:35] [INFO ] [main] [CONTENTSERVER] - Loading server configuration...
[20:00:35] [INFO ] [main] [CONTENTSERVER] - Setting up the server...
[20:00:35] [INFO ] [main] [CONTENTSERVER] - Edge content HTTP server created with listen address 0.0.0.0 and port 5319
[20:00:35] [INFO ] [main] [CONTENTSERVER] - Starting the content delivery server...
[20:00:35] [INFO ] [main] [CONTENTSERVER] - Content delivery server started successfully!
[20:00:35] [INFO ] [main] [MODULEMANAGER] - Post-initializing modules...
[20:00:35] [INFO ] [main] [MODULEMANAGER] - Post-initializing module: test...
[20:00:35] [INFO ] [main] [CONTENTSERVER] - Server is running!
[20:09:33] [INFO ] [main] [CONTENTSERVER] - Preparing to start...
[20:09:34] [INFO ] [main] [MODULEMANAGER] - Searching for modules...
[20:09:34] [INFO ] [main] [MODULEMANAGER] - Loading debug type: contentserver.TestModule
[20:09:34] [INFO ] [main] [MODULEMANAGER] - Searching for dependency repository definitions...
[20:09:34] [INFO ] [main] [MODULEMANAGER] - Scanning for dependency definitions...
[20:09:34] [INFO ] [main] [MODULEMANAGER] - Verifying dependencies...
[20:09:34] [INFO ] [main] [MODULEMANAGER] - Dependencies are up-to-date, loading modules...
[20:09:34] [INFO ] [main] [MODULEMANAGER] - Loading module test version test...
[20:09:34] [INFO ] [main] [EVENTBUS] - Registering all events in contentserver.TestModule...
[20:09:34] [INFO ] [main] [MODULEMANAGER] - Initializing modules...
[20:09:34] [INFO ] [main] [MODULEMANAGER] - Initializing module: test...
[20:09:34] [INFO ] [main] [MODULEMANAGER] - Clearing module pool...
[20:09:34] [INFO ] [main] [CONTENTSERVER] - Loading server configuration...
[20:09:34] [INFO ] [main] [CONTENTSERVER] - Setting up the server...
[20:09:34] [INFO ] [main] [CONTENTSERVER] - Edge content HTTP server created with listen address 0.0.0.0 and port 5319
[20:09:34] [INFO ] [main] [CONTENTSERVER] - Starting the content delivery server...
[20:09:34] [INFO ] [main] [CONTENTSERVER] - Content delivery server started successfully!
[20:09:34] [INFO ] [main] [MODULEMANAGER] - Post-initializing modules...
[20:09:34] [INFO ] [main] [MODULEMANAGER] - Post-initializing module: test...
[20:09:34] [INFO ] [main] [CONTENTSERVER] - Server is running!
[20:09:37] [ERROR] [Async task thread] [connective-http] - HTTP/1.1 GET / : 404 Not found [0:0:0:0:0:0:0:1]
[20:09:38] [ERROR] [Async task thread] [connective-http] - HTTP/1.1 GET / : 404 Not found [0:0:0:0:0:0:0:1]
[20:09:50] [INFO ] [Async task thread] [connective-http] - HTTP/1.1 GET /EdgeContentServer : 200 OK [0:0:0:0:0:0:0:1]
[20:09:52] [INFO ] [Async task thread] [connective-http] - HTTP/1.1 GET /EdgeContentServer/WIN : 200 OK [0:0:0:0:0:0:0:1]
[20:09:52] [INFO ] [Async task thread] [connective-http] - HTTP/1.1 GET /EdgeContentServer/WIN/3.31.0 : 200 OK [0:0:0:0:0:0:0:1]
[20:09:58] [INFO ] [Async task thread] [connective-http] - HTTP/1.1 GET /EdgeContentServer/WIN/3.31.0/DWADragonsMain.xml : 200 OK [0:0:0:0:0:0:0:1]
[20:11:20] [INFO ] [main] [CONTENTSERVER] - Preparing to start...
[20:11:20] [INFO ] [main] [MODULEMANAGER] - Searching for modules...
[20:11:20] [INFO ] [main] [MODULEMANAGER] - Loading debug type: contentserver.TestModule
[20:11:20] [INFO ] [main] [MODULEMANAGER] - Searching for dependency repository definitions...
[20:11:20] [INFO ] [main] [MODULEMANAGER] - Scanning for dependency definitions...
[20:11:20] [INFO ] [main] [MODULEMANAGER] - Verifying dependencies...
[20:11:20] [INFO ] [main] [MODULEMANAGER] - Dependencies are up-to-date, loading modules...
[20:11:20] [INFO ] [main] [MODULEMANAGER] - Loading module test version test...
[20:11:20] [INFO ] [main] [EVENTBUS] - Registering all events in contentserver.TestModule...
[20:11:20] [INFO ] [main] [MODULEMANAGER] - Initializing modules...
[20:11:20] [INFO ] [main] [MODULEMANAGER] - Initializing module: test...
[20:11:20] [INFO ] [main] [MODULEMANAGER] - Clearing module pool...
[20:11:20] [INFO ] [main] [CONTENTSERVER] - Loading server configuration...
[20:11:20] [INFO ] [main] [CONTENTSERVER] - Setting up the server...
[20:11:20] [INFO ] [main] [CONTENTSERVER] - Edge content HTTP server created with listen address 0.0.0.0 and port 5319
[20:11:20] [INFO ] [main] [CONTENTSERVER] - Starting the content delivery server...
[20:11:20] [INFO ] [main] [CONTENTSERVER] - Content delivery server started successfully!
[20:11:20] [INFO ] [main] [MODULEMANAGER] - Post-initializing modules...
[20:11:20] [INFO ] [main] [MODULEMANAGER] - Post-initializing module: test...
[20:11:20] [INFO ] [main] [CONTENTSERVER] - Server is running!
[20:15:35] [INFO ] [main] [CONTENTSERVER] - Preparing to start...
[20:15:35] [INFO ] [main] [MODULEMANAGER] - Searching for modules...
[20:15:35] [INFO ] [main] [MODULEMANAGER] - Loading debug type: contentserver.TestModule
[20:15:35] [INFO ] [main] [MODULEMANAGER] - Searching for dependency repository definitions...
[20:15:35] [INFO ] [main] [MODULEMANAGER] - Scanning for dependency definitions...
[20:15:35] [INFO ] [main] [MODULEMANAGER] - Verifying dependencies...
[20:15:35] [INFO ] [main] [MODULEMANAGER] - Dependencies are up-to-date, loading modules...
[20:15:35] [INFO ] [main] [MODULEMANAGER] - Loading module test version test...
[20:15:35] [INFO ] [main] [EVENTBUS] - Registering all events in contentserver.TestModule...
[20:15:35] [INFO ] [main] [MODULEMANAGER] - Initializing modules...
[20:15:35] [INFO ] [main] [MODULEMANAGER] - Initializing module: test...
[20:15:35] [INFO ] [main] [MODULEMANAGER] - Clearing module pool...
[20:15:35] [INFO ] [main] [CONTENTSERVER] - Loading server configuration...
[20:15:35] [INFO ] [main] [CONTENTSERVER] - Setting up the server...
[20:15:35] [INFO ] [main] [CONTENTSERVER] - Edge content HTTP server created with listen address 0.0.0.0 and port 5319
[20:15:35] [INFO ] [main] [CONTENTSERVER] - Starting the content delivery server...
[20:15:35] [INFO ] [main] [CONTENTSERVER] - Content delivery server started successfully!
[20:15:35] [INFO ] [main] [MODULEMANAGER] - Post-initializing modules...
[20:15:35] [INFO ] [main] [MODULEMANAGER] - Post-initializing module: test...
[20:15:35] [INFO ] [main] [CONTENTSERVER] - Server is running!
[20:15:40] [INFO ] [Async task thread] [connective-http] - HTTP/1.1 GET /EdgeContentServer/WIN/3.31.0/DWADragonsMain.xml : 200 OK [0:0:0:0:0:0:0:1]
[20:33:21] [INFO ] [main] [CONTENTSERVER] - Preparing to start...
[20:33:21] [INFO ] [main] [MODULEMANAGER] - Searching for modules...
[20:33:21] [INFO ] [main] [MODULEMANAGER] - Loading debug type: contentserver.TestModule
[20:33:21] [INFO ] [main] [MODULEMANAGER] - Searching for dependency repository definitions...
[20:33:21] [INFO ] [main] [MODULEMANAGER] - Scanning for dependency definitions...
[20:33:21] [INFO ] [main] [MODULEMANAGER] - Verifying dependencies...
[20:33:21] [INFO ] [main] [MODULEMANAGER] - Dependencies are up-to-date, loading modules...
[20:33:21] [INFO ] [main] [MODULEMANAGER] - Loading module test version test...
[20:33:21] [INFO ] [main] [EVENTBUS] - Registering all events in contentserver.TestModule...
[20:33:21] [INFO ] [main] [MODULEMANAGER] - Initializing modules...
[20:33:21] [INFO ] [main] [MODULEMANAGER] - Initializing module: test...
[20:33:21] [INFO ] [main] [MODULEMANAGER] - Clearing module pool...
[20:33:21] [INFO ] [main] [CONTENTSERVER] - Loading server configuration...
[20:33:22] [INFO ] [main] [CONTENTSERVER] - Setting up the server...
[20:33:22] [INFO ] [main] [CONTENTSERVER] - Edge content HTTP server created with listen address 0.0.0.0 and port 5319
[20:33:22] [INFO ] [main] [CONTENTSERVER] - Starting the content delivery server...
[20:33:22] [INFO ] [main] [CONTENTSERVER] - Content delivery server started successfully!
[20:33:22] [INFO ] [main] [MODULEMANAGER] - Post-initializing modules...
[20:33:22] [INFO ] [main] [MODULEMANAGER] - Post-initializing module: test...
[20:33:22] [INFO ] [main] [CONTENTSERVER] - Server is running!
[20:46:41] [INFO ] [main] [CONTENTSERVER] - Preparing to start...
[20:46:41] [INFO ] [main] [MODULEMANAGER] - Searching for modules...
[20:46:41] [INFO ] [main] [MODULEMANAGER] - Loading debug type: contentserver.TestModule
[20:46:41] [INFO ] [main] [MODULEMANAGER] - Searching for dependency repository definitions...
[20:46:41] [INFO ] [main] [MODULEMANAGER] - Scanning for dependency definitions...
[20:46:41] [INFO ] [main] [MODULEMANAGER] - Verifying dependencies...
[20:46:41] [INFO ] [main] [MODULEMANAGER] - Dependencies are up-to-date, loading modules...
[20:46:41] [INFO ] [main] [MODULEMANAGER] - Loading module test version test...
[20:46:41] [INFO ] [main] [EVENTBUS] - Registering all events in contentserver.TestModule...
[20:46:41] [INFO ] [main] [MODULEMANAGER] - Initializing modules...
[20:46:41] [INFO ] [main] [MODULEMANAGER] - Initializing module: test...
[20:46:41] [INFO ] [main] [MODULEMANAGER] - Clearing module pool...
[20:46:41] [INFO ] [main] [CONTENTSERVER] - Loading server configuration...
[20:46:41] [INFO ] [main] [CONTENTSERVER] - Setting up the server...
[20:46:41] [INFO ] [main] [CONTENTSERVER] - Edge content HTTP server created with listen address 0.0.0.0 and port 5319
[20:46:41] [INFO ] [main] [CONTENTSERVER] - Starting the content delivery server...
[20:46:41] [INFO ] [main] [CONTENTSERVER] - Content delivery server started successfully!
[20:46:41] [INFO ] [main] [MODULEMANAGER] - Post-initializing modules...
[20:46:41] [INFO ] [main] [MODULEMANAGER] - Post-initializing module: test...
[20:46:41] [INFO ] [main] [CONTENTSERVER] - Server is running!
[20:55:50] [INFO ] [Async task thread] [connective-http] - HTTP/1.1 GET /EdgeContentServer/WIN/3.31.0/DWADragonsMain.xml?t=638221996166176094 : 200 OK [127.0.0.1]
[20:56:33] [INFO ] [main] [CONTENTSERVER] - Preparing to start...
[20:56:34] [INFO ] [main] [MODULEMANAGER] - Searching for modules...
[20:56:34] [INFO ] [main] [MODULEMANAGER] - Loading debug type: contentserver.TestModule
[20:56:34] [INFO ] [main] [MODULEMANAGER] - Searching for dependency repository definitions...
[20:56:34] [INFO ] [main] [MODULEMANAGER] - Scanning for dependency definitions...
[20:56:34] [INFO ] [main] [MODULEMANAGER] - Verifying dependencies...
[20:56:34] [INFO ] [main] [MODULEMANAGER] - Dependencies are up-to-date, loading modules...
[20:56:34] [INFO ] [main] [MODULEMANAGER] - Loading module test version test...
[20:56:34] [INFO ] [main] [EVENTBUS] - Registering all events in contentserver.TestModule...
[20:56:34] [INFO ] [main] [MODULEMANAGER] - Initializing modules...
[20:56:34] [INFO ] [main] [MODULEMANAGER] - Initializing module: test...
[20:56:34] [INFO ] [main] [MODULEMANAGER] - Clearing module pool...
[20:56:34] [INFO ] [main] [CONTENTSERVER] - Loading server configuration...
[20:56:34] [INFO ] [main] [CONTENTSERVER] - Setting up the server...
[20:56:34] [INFO ] [main] [CONTENTSERVER] - Edge content HTTP server created with listen address 0.0.0.0 and port 5319
[20:56:34] [INFO ] [main] [CONTENTSERVER] - Starting the content delivery server...
[20:56:34] [INFO ] [main] [CONTENTSERVER] - Content delivery server started successfully!
[20:56:34] [INFO ] [main] [MODULEMANAGER] - Post-initializing modules...
[20:56:34] [INFO ] [main] [MODULEMANAGER] - Post-initializing module: test...
[20:56:34] [INFO ] [main] [CONTENTSERVER] - Server is running!
[20:56:50] [INFO ] [Async task thread] [connective-http] - HTTP/1.1 GET /EdgeContentServer/WIN/3.31.0/DWADragonsMain.xml?t=638222002074884688 : 200 OK [127.0.0.1]
[20:57:07] [INFO ] [main] [CONTENTSERVER] - Preparing to start...
[20:57:07] [INFO ] [main] [MODULEMANAGER] - Searching for modules...
[20:57:07] [INFO ] [main] [MODULEMANAGER] - Loading debug type: contentserver.TestModule
[20:57:07] [INFO ] [main] [MODULEMANAGER] - Searching for dependency repository definitions...
[20:57:07] [INFO ] [main] [MODULEMANAGER] - Scanning for dependency definitions...
[20:57:07] [INFO ] [main] [MODULEMANAGER] - Verifying dependencies...
[20:57:07] [INFO ] [main] [MODULEMANAGER] - Dependencies are up-to-date, loading modules...
[20:57:07] [INFO ] [main] [MODULEMANAGER] - Loading module test version test...
[20:57:07] [INFO ] [main] [EVENTBUS] - Registering all events in contentserver.TestModule...
[20:57:07] [INFO ] [main] [MODULEMANAGER] - Initializing modules...
[20:57:07] [INFO ] [main] [MODULEMANAGER] - Initializing module: test...
[20:57:07] [INFO ] [main] [MODULEMANAGER] - Clearing module pool...
[20:57:07] [INFO ] [main] [CONTENTSERVER] - Loading server configuration...
[20:57:07] [INFO ] [main] [CONTENTSERVER] - Setting up the server...
[20:57:07] [INFO ] [main] [CONTENTSERVER] - Edge content HTTP server created with listen address 0.0.0.0 and port 5319
[20:57:07] [INFO ] [main] [CONTENTSERVER] - Starting the content delivery server...
[20:57:07] [INFO ] [main] [CONTENTSERVER] - Content delivery server started successfully!
[20:57:07] [INFO ] [main] [MODULEMANAGER] - Post-initializing modules...
[20:57:07] [INFO ] [main] [MODULEMANAGER] - Post-initializing module: test...
[20:57:07] [INFO ] [main] [CONTENTSERVER] - Server is running!
[20:57:31] [INFO ] [Async task thread] [connective-http] - HTTP/1.1 GET /EdgeContentServer/WIN/3.31.0/DWADragonsMain.xml?t=638222002500373884 : 200 OK [127.0.0.1]
[20:59:26] [INFO ] [Async task thread] [connective-http] - HTTP/1.1 GET /EdgeContentServer/WIN/3.31.0/DWADragonsMain.xml?t=638222003666998021 : 200 OK [127.0.0.1]
[20:59:31] [ERROR] [Async task thread] [connective-http] - HTTP/1.1 GET /EdgeContentServer/WIN/3.31.0/Mid//dwadragonsmain?v=00000000000000000000000000000000 : 404 Not found [127.0.0.1]
[20:59:42] [ERROR] [Async task thread] [connective-http] - HTTP/1.1 GET /EdgeContentServer/WIN/3.31.0/Mid//dwavatar?v=00000000000000000000000000000000 : 404 Not found [127.0.0.1]
[20:59:42] [ERROR] [Async task thread] [connective-http] - HTTP/1.1 GET /EdgeContentServer/WIN/3.31.0/Mid/data/latinfontsdo?v=00000000000000000000000000000000 : 404 Not found [127.0.0.1]
[20:59:43] [ERROR] [Async task thread] [connective-http] - HTTP/1.1 GET /EdgeContentServer/WIN/3.31.0/Mid/data/dragonssplashscreensdo?v=00000000000000000000000000000000 : 404 Not found [127.0.0.1]
