[18:33:58] [INFO ] [main] [FULLSERVER] - Content server version: 1.0.0.A1
[18:33:58] [INFO ] [main] [FULLSERVER] - 
[18:33:58] [INFO ] [main] [FULLSERVER] - Preparing to start...
[18:33:58] [INFO ] [main] [MODULEMANAGER] - Searching for modules...
[18:33:58] [DEBUG] [main] [MODULEMANAGER] - Scanning modules folder...
[18:33:58] [INFO ] [main] [MODULEMANAGER] - Searching for dependency repository definitions...
[18:33:58] [INFO ] [main] [MODULEMANAGER] - Scanning for dependency definitions...
[18:33:58] [INFO ] [main] [MODULEMANAGER] - Verifying dependencies...
[18:33:58] [INFO ] [main] [MODULEMANAGER] - Dependencies are up-to-date, loading modules...
[18:33:58] [DEBUG] [main] [MODULEMANAGER] - Scanning for module classes...
[18:33:58] [INFO ] [main] [MODULEMANAGER] - Initializing modules...
[18:33:58] [INFO ] [main] [MODULEMANAGER] - Clearing module pool...
[18:34:30] [INFO ] [main] [FULLSERVER] - EDGE Global (full) server is starting!
[18:34:30] [INFO ] [main] [FULLSERVER] - Content server version: 1.0.0.A1
[18:34:30] [INFO ] [main] [FULLSERVER] - 
[18:34:30] [INFO ] [main] [FULLSERVER] - Preparing to start...
[18:34:30] [INFO ] [main] [MODULEMANAGER] - Searching for modules...
[18:34:30] [DEBUG] [main] [MODULEMANAGER] - Scanning modules folder...
[18:34:30] [INFO ] [main] [MODULEMANAGER] - Searching for dependency repository definitions...
[18:34:30] [INFO ] [main] [MODULEMANAGER] - Scanning for dependency definitions...
[18:34:30] [INFO ] [main] [MODULEMANAGER] - Verifying dependencies...
[18:34:30] [INFO ] [main] [MODULEMANAGER] - Dependencies are up-to-date, loading modules...
[18:34:30] [DEBUG] [main] [MODULEMANAGER] - Scanning for module classes...
[18:34:30] [INFO ] [main] [MODULEMANAGER] - Initializing modules...
[18:34:30] [INFO ] [main] [MODULEMANAGER] - Clearing module pool...
[18:34:50] [INFO ] [main] [FULLSERVER] - EDGE Global (full) server is starting!
[18:34:50] [INFO ] [main] [FULLSERVER] - Content server version: 1.0.0.A1
[18:34:50] [INFO ] [main] [FULLSERVER] - Global server version: 1.0.0.A1
[18:34:50] [INFO ] [main] [FULLSERVER] - Preparing to start...
[18:34:50] [INFO ] [main] [MODULEMANAGER] - Searching for modules...
[18:34:50] [DEBUG] [main] [MODULEMANAGER] - Scanning modules folder...
[18:34:50] [INFO ] [main] [MODULEMANAGER] - Searching for dependency repository definitions...
[18:34:50] [INFO ] [main] [MODULEMANAGER] - Scanning for dependency definitions...
[18:34:50] [INFO ] [main] [MODULEMANAGER] - Verifying dependencies...
[18:34:50] [INFO ] [main] [MODULEMANAGER] - Dependencies are up-to-date, loading modules...
[18:34:50] [DEBUG] [main] [MODULEMANAGER] - Scanning for module classes...
[18:34:50] [INFO ] [main] [MODULEMANAGER] - Initializing modules...
[18:34:50] [INFO ] [main] [MODULEMANAGER] - Clearing module pool...
[18:34:59] [INFO ] [main] [FULLSERVER] - EDGE Global (full) server is starting!
[18:35:00] [INFO ] [main] [FULLSERVER] - Content server version: 1.0.0.A1
[18:35:00] [INFO ] [main] [FULLSERVER] - Global server version: 1.0.0.A1
[18:35:00] [INFO ] [main] [FULLSERVER] - Preparing to start...
[18:35:00] [INFO ] [main] [MODULEMANAGER] - Searching for modules...
[18:35:00] [DEBUG] [main] [MODULEMANAGER] - Scanning modules folder...
[18:35:00] [INFO ] [main] [MODULEMANAGER] - Searching for dependency repository definitions...
[18:35:00] [INFO ] [main] [MODULEMANAGER] - Scanning for dependency definitions...
[18:35:00] [INFO ] [main] [MODULEMANAGER] - Verifying dependencies...
[18:35:00] [INFO ] [main] [MODULEMANAGER] - Dependencies are up-to-date, loading modules...
[18:35:00] [DEBUG] [main] [MODULEMANAGER] - Scanning for module classes...
[18:35:00] [INFO ] [main] [MODULEMANAGER] - Initializing modules...
[18:35:00] [INFO ] [main] [MODULEMANAGER] - Clearing module pool...
[18:35:13] [INFO ] [main] [FULLSERVER] - EDGE Global (full) server is starting!
[18:35:13] [INFO ] [main] [FULLSERVER] - Content server version: 1.0.0.A1
[18:35:13] [INFO ] [main] [FULLSERVER] - Global server version: 1.0.0.A1
[18:35:13] [INFO ] [main] [FULLSERVER] - Preparing to start...
[18:35:13] [INFO ] [main] [MODULEMANAGER] - Searching for modules...
[18:35:13] [DEBUG] [main] [MODULEMANAGER] - Scanning modules folder...
[18:35:13] [INFO ] [main] [MODULEMANAGER] - Searching for dependency repository definitions...
[18:35:13] [INFO ] [main] [MODULEMANAGER] - Scanning for dependency definitions...
[18:35:13] [INFO ] [main] [MODULEMANAGER] - Verifying dependencies...
[18:35:13] [INFO ] [main] [MODULEMANAGER] - Dependencies are up-to-date, loading modules...
[18:35:13] [DEBUG] [main] [MODULEMANAGER] - Scanning for module classes...
[18:35:13] [INFO ] [main] [MODULEMANAGER] - Initializing modules...
[18:35:13] [INFO ] [main] [MODULEMANAGER] - Clearing module pool...
